[*] 全局随机种子已固定为: 16

[*] 任务类型: Classification
[*] 活跃模态: ['Tabular', 'Text', 'Image']
[*] 模型选择: {'Tabular_Model': ['CatBoost', 'FT-Transformer'], 'Text_Model': 'microsoft/deberta-v3-large', 'Image_Model': ['swin_base_patch4_window7_224', 'eva02_base_patch14_224'], 'Fusion_Model': 'Transformer_Fusion'}
1. 加载数据...
[*] 分类任务 -> Output Dim = 6
[*] 加载 Tokenizer: microsoft/deberta-v3-large
[*] HPO阶段: 数值特征Scaler已从训练集拟合，并应用到验证集。

[*] 开始 OOM 预测试机制 (动态调整 batch_size 搜索空间)...
    -> 正在测试最大 batch_size = 64 ...
       (第一组测试失败，进行第二组稳定性测试...)
    -> [OOM] batch_size=64 连续两次触发显存溢出！剔除 64 并添加更小的值...
    -> 正在测试最大 batch_size = 32 ...
       (第一组测试失败，进行第二组稳定性测试...)
    -> [OOM] batch_size=32 连续两次触发显存溢出！剔除 32 并添加更小的值...
    -> 正在测试最大 batch_size = 16 ...
       (第一组测试失败，进行第二组稳定性测试...)
    -> 测试通过！当前安全 batch_size 空间: [4, 8, 16]
    -> OOM 测试结束。最终安全的 batch_size 搜索空间为: [4, 8, 16]

2. 开始超参优化 (Trials=10)...
[I 2026-03-22 16:02:20,210] A new study created in memory with name: no-name-ac714a03-2166-41b3-bc8f-a1a3bbac4075
[*] 注入 LLM 推荐的初始参数: {'lr': 0.0005, 'batch_size': 16, 'dropout': 0.3, 'tab_hidden': 512, 'fusion_dim': 1024}

===== [Trial 0] 开始训练 =====
[Trial 0] 初始化DataLoader (batch_size=16)...
[Trial 0] 初始化模型 (tab_dim=7, num_classes=6)...
[Trial 0] 开始Epoch 1/12 训练...
[OOM] Trial 0 显存溢出！已触发保护机制，后续 Trial 的 batch_size 必须小于等于 16。
[Trial 0] 训练结束，清理资源...
[I 2026-03-22 16:02:29,662] Trial 0 finished with value: -99999.0 and parameters: {'lr': 0.0005, 'dropout': 0.3, 'tab_hidden': 512, 'fusion_dim': 1024, 'batch_size': 16}. Best is trial 0 with value: -99999.0.

===== [Trial 1] 开始训练 =====
[Trial 1] 初始化DataLoader (batch_size=8)...
[Trial 1] 初始化模型 (tab_dim=7, num_classes=6)...
[Trial 1] 开始Epoch 1/12 训练...
[Trial 1] Epoch 1 训练完成，开始评估...
[Trial 1] Epoch 1/12 | Score: 83.93 | Metrics: {'Accuracy': 61.21, 'F1': 57.85, 'AUC': 83.93}
[Trial 1] 开始Epoch 2/12 训练...
[Trial 1] Epoch 2 训练完成，开始评估...
[Trial 1] Epoch 2/12 | Score: 91.02 | Metrics: {'Accuracy': 73.04, 'F1': 73.57, 'AUC': 91.02}
[Trial 1] 开始Epoch 3/12 训练...
[Trial 1] Epoch 3 训练完成，开始评估...
[Trial 1] Epoch 3/12 | Score: 93.19 | Metrics: {'Accuracy': 82.61, 'F1': 82.57, 'AUC': 93.19}
[Trial 1] 开始Epoch 4/12 训练...
[Trial 1] Epoch 4 训练完成，开始评估...
[Trial 1] Epoch 4/12 | Score: 92.45 | Metrics: {'Accuracy': 77.31, 'F1': 77.6, 'AUC': 92.45}
[Trial 1] 开始Epoch 5/12 训练...
[Trial 1] Epoch 5 训练完成，开始评估...
[Trial 1] Epoch 5/12 | Score: 93.84 | Metrics: {'Accuracy': 83.08, 'F1': 83.1, 'AUC': 93.84}
[Trial 1] 开始Epoch 6/12 训练...
[Trial 1] Epoch 6 训练完成，开始评估...
[Trial 1] Epoch 6/12 | Score: 94.74 | Metrics: {'Accuracy': 82.88, 'F1': 83.1, 'AUC': 94.74}
[Trial 1] 开始Epoch 7/12 训练...
[Trial 1] Epoch 7 训练完成，开始评估...
[Trial 1] Epoch 7/12 | Score: 95.66 | Metrics: {'Accuracy': 84.81, 'F1': 84.85, 'AUC': 95.66}
[Trial 1] 开始Epoch 8/12 训练...
[Trial 1] Epoch 8 训练完成，开始评估...
[Trial 1] Epoch 8/12 | Score: 95.49 | Metrics: {'Accuracy': 80.71, 'F1': 81.03, 'AUC': 95.49}
[Trial 1] 开始Epoch 9/12 训练...
[Trial 1] Epoch 9 训练完成，开始评估...
[Trial 1] Epoch 9/12 | Score: 94.75 | Metrics: {'Accuracy': 79.67, 'F1': 79.94, 'AUC': 94.75}
[Trial 1] 开始Epoch 10/12 训练...
[Trial 1] Epoch 10 训练完成，开始评估...
[Trial 1] Epoch 10/12 | Score: 96.24 | Metrics: {'Accuracy': 85.07, 'F1': 85.09, 'AUC': 96.24}
[Trial 1] 开始Epoch 11/12 训练...
[Trial 1] Epoch 11 训练完成，开始评估...
[Trial 1] Epoch 11/12 | Score: 96.93 | Metrics: {'Accuracy': 84.64, 'F1': 84.78, 'AUC': 96.93}
[Trial 1] 开始Epoch 12/12 训练...
[Trial 1] Epoch 12 训练完成，开始评估...
[Trial 1] Epoch 12/12 | Score: 96.4 | Metrics: {'Accuracy': 85.78, 'F1': 85.93, 'AUC': 96.4}
[Trial 1] 训练结束，清理资源...
[I 2026-03-22 19:31:57,563] Trial 1 finished with value: 96.93 and parameters: {'lr': 2.7962896698210822e-05, 'dropout': 0.30926533656027044, 'tab_hidden': 256, 'fusion_dim': 1024, 'batch_size': 8}. Best is trial 1 with value: 96.93.

===== [Trial 2] 开始训练 =====
[Trial 2] 初始化DataLoader (batch_size=16)...
[Trial 2] 初始化模型 (tab_dim=7, num_classes=6)...
[Trial 2] 开始Epoch 1/12 训练...
[OOM] Trial 2 显存溢出！已触发保护机制，后续 Trial 的 batch_size 必须小于等于 16。
[Trial 2] 训练结束，清理资源...
[I 2026-03-22 19:32:07,564] Trial 2 finished with value: -99999.0 and parameters: {'lr': 1.4321373748487883e-05, 'dropout': 0.38905620444993594, 'tab_hidden': 1024, 'fusion_dim': 512, 'batch_size': 16}. Best is trial 1 with value: 96.93.

===== [Trial 3] 开始训练 =====
[Trial 3] 初始化DataLoader (batch_size=8)...
[Trial 3] 初始化模型 (tab_dim=7, num_classes=6)...
[Trial 3] 开始Epoch 1/12 训练...
[Trial 3] Epoch 1 训练完成，开始评估...
[Trial 3] Epoch 1/12 | Score: 94.3 | Metrics: {'Accuracy': 84.06, 'F1': 84.2, 'AUC': 94.3}
[Trial 3] 开始Epoch 2/12 训练...
[Trial 3] Epoch 2 训练完成，开始评估...
[Trial 3] Epoch 2/12 | Score: 96.33 | Metrics: {'Accuracy': 89.83, 'F1': 89.66, 'AUC': 96.33}
[Trial 3] 开始Epoch 3/12 训练...
[Trial 3] Epoch 3 训练完成，开始评估...
[Trial 3] Epoch 3/12 | Score: 97.37 | Metrics: {'Accuracy': 89.48, 'F1': 89.54, 'AUC': 97.37}
[Trial 3] 开始Epoch 4/12 训练...
[Trial 3] Epoch 4 训练完成，开始评估...
[Trial 3] Epoch 4/12 | Score: 97.68 | Metrics: {'Accuracy': 91.02, 'F1': 91.07, 'AUC': 97.68}
[Trial 3] 开始Epoch 5/12 训练...
[Trial 3] Epoch 5 训练完成，开始评估...
[Trial 3] Epoch 5/12 | Score: 97.48 | Metrics: {'Accuracy': 90.36, 'F1': 90.28, 'AUC': 97.48}
[Trial 3] 开始Epoch 6/12 训练...
[Trial 3] Epoch 6 训练完成，开始评估...
[Trial 3] Epoch 6/12 | Score: 97.16 | Metrics: {'Accuracy': 80.06, 'F1': 80.89, 'AUC': 97.16}
[Trial 3] 开始Epoch 7/12 训练...
[Trial 3] Epoch 7 训练完成，开始评估...
[Trial 3] Epoch 7/12 | Score: 96.35 | Metrics: {'Accuracy': 86.72, 'F1': 86.65, 'AUC': 96.35}
[Trial 3] 开始Epoch 8/12 训练...
[Trial 3] Epoch 8 训练完成，开始评估...
[Trial 3] Epoch 8/12 | Score: 97.04 | Metrics: {'Accuracy': 88.24, 'F1': 88.16, 'AUC': 97.04}
[Trial 3] 早停触发！在第 8 轮停止。最佳轮次是: 4
[Trial 3] 训练结束，清理资源...
[I 2026-03-22 21:55:25,455] Trial 3 finished with value: 97.68 and parameters: {'lr': 0.0001357977760011735, 'dropout': 0.2888077262967709, 'tab_hidden': 1024, 'fusion_dim': 2048, 'batch_size': 8}. Best is trial 3 with value: 97.68.

===== [Trial 4] 开始训练 =====
[Trial 4] 初始化DataLoader (batch_size=4)...
[Trial 4] 初始化模型 (tab_dim=7, num_classes=6)...
[Trial 4] 开始Epoch 1/12 训练...
[Trial 4] Epoch 1 训练完成，开始评估...
[Trial 4] Epoch 1/12 | Score: 95.83 | Metrics: {'Accuracy': 86.63, 'F1': 86.6, 'AUC': 95.83}
[Trial 4] 开始Epoch 2/12 训练...
[Trial 4] Epoch 2 训练完成，开始评估...
[Trial 4] Epoch 2/12 | Score: 96.98 | Metrics: {'Accuracy': 89.8, 'F1': 89.67, 'AUC': 96.98}
[Trial 4] 开始Epoch 3/12 训练...
[Trial 4] Epoch 3 训练完成，开始评估...
[Trial 4] Epoch 3/12 | Score: 97.32 | Metrics: {'Accuracy': 89.84, 'F1': 89.65, 'AUC': 97.32}
[Trial 4] 开始Epoch 4/12 训练...
[Trial 4] Epoch 4 训练完成，开始评估...
[Trial 4] Epoch 4/12 | Score: 97.31 | Metrics: {'Accuracy': 90.24, 'F1': 90.09, 'AUC': 97.31}
[Trial 4] 开始Epoch 5/12 训练...
[Trial 4] Epoch 5 训练完成，开始评估...
[Trial 4] Epoch 5/12 | Score: 97.51 | Metrics: {'Accuracy': 91.52, 'F1': 91.41, 'AUC': 97.51}
[Trial 4] 开始Epoch 6/12 训练...
[Trial 4] Epoch 6 训练完成，开始评估...
[Trial 4] Epoch 6/12 | Score: 97.13 | Metrics: {'Accuracy': 88.34, 'F1': 88.11, 'AUC': 97.13}
[Trial 4] 开始Epoch 7/12 训练...
[Trial 4] Epoch 7 训练完成，开始评估...
[Trial 4] Epoch 7/12 | Score: 97.01 | Metrics: {'Accuracy': 87.37, 'F1': 87.18, 'AUC': 97.01}
[Trial 4] 开始Epoch 8/12 训练...
[Trial 4] Epoch 8 训练完成，开始评估...
[Trial 4] Epoch 8/12 | Score: 95.97 | Metrics: {'Accuracy': 89.81, 'F1': 89.77, 'AUC': 95.97}
[Trial 4] 开始Epoch 9/12 训练...
[Trial 4] Epoch 9 训练完成，开始评估...
[Trial 4] Epoch 9/12 | Score: 97.26 | Metrics: {'Accuracy': 89.41, 'F1': 89.53, 'AUC': 97.26}
[Trial 4] 早停触发！在第 9 轮停止。最佳轮次是: 5
[Trial 4] 训练结束，清理资源...
[I 2026-03-23 03:08:19,139] Trial 4 finished with value: 97.51 and parameters: {'lr': 0.00023444928113281916, 'dropout': 0.277340384805306, 'tab_hidden': 1024, 'fusion_dim': 2048, 'batch_size': 4}. Best is trial 3 with value: 97.68.

===== [Trial 5] 开始训练 =====
[Trial 5] 初始化DataLoader (batch_size=16)...
[Trial 5] 初始化模型 (tab_dim=7, num_classes=6)...
[Trial 5] 开始Epoch 1/12 训练...
[OOM] Trial 5 显存溢出！已触发保护机制，后续 Trial 的 batch_size 必须小于等于 16。
[Trial 5] 训练结束，清理资源...
[I 2026-03-23 03:08:29,476] Trial 5 finished with value: -99999.0 and parameters: {'lr': 4.801186144150927e-05, 'dropout': 0.1928861949876266, 'tab_hidden': 1024, 'fusion_dim': 1024, 'batch_size': 16}. Best is trial 3 with value: 97.68.

===== [Trial 6] 开始训练 =====
[Trial 6] 初始化DataLoader (batch_size=4)...
[Trial 6] 初始化模型 (tab_dim=7, num_classes=6)...
[Trial 6] 开始Epoch 1/12 训练...
[Trial 6] Epoch 1 训练完成，开始评估...
[Trial 6] Epoch 1/12 | Score: 95.75 | Metrics: {'Accuracy': 86.28, 'F1': 86.02, 'AUC': 95.75}
[Trial 6] 开始Epoch 2/12 训练...
[Trial 6] Epoch 2 训练完成，开始评估...
[Trial 6] Epoch 2/12 | Score: 96.95 | Metrics: {'Accuracy': 87.68, 'F1': 87.59, 'AUC': 96.95}
[Trial 6] 开始Epoch 3/12 训练...
[Trial 6] Epoch 3 训练完成，开始评估...
[Trial 6] Epoch 3/12 | Score: 97.63 | Metrics: {'Accuracy': 91.71, 'F1': 91.6, 'AUC': 97.63}
[Trial 6] 开始Epoch 4/12 训练...
[Trial 6] Epoch 4 训练完成，开始评估...
[Trial 6] Epoch 4/12 | Score: 97.42 | Metrics: {'Accuracy': 91.88, 'F1': 91.66, 'AUC': 97.42}
[Trial 6] 开始Epoch 5/12 训练...
[Trial 6] Epoch 5 训练完成，开始评估...
[Trial 6] Epoch 5/12 | Score: 97.55 | Metrics: {'Accuracy': 92.59, 'F1': 92.47, 'AUC': 97.55}
[Trial 6] 开始Epoch 6/12 训练...
[Trial 6] Epoch 6 训练完成，开始评估...
[Trial 6] Epoch 6/12 | Score: 97.85 | Metrics: {'Accuracy': 93.16, 'F1': 93.06, 'AUC': 97.85}
[Trial 6] 开始Epoch 7/12 训练...
[Trial 6] Epoch 7 训练完成，开始评估...
[Trial 6] Epoch 7/12 | Score: 97.92 | Metrics: {'Accuracy': 93.61, 'F1': 93.47, 'AUC': 97.92}
[Trial 6] 开始Epoch 8/12 训练...
[Trial 6] Epoch 8 训练完成，开始评估...
[Trial 6] Epoch 8/12 | Score: 98.09 | Metrics: {'Accuracy': 94.13, 'F1': 94.05, 'AUC': 98.09}
[Trial 6] 开始Epoch 9/12 训练...
[Trial 6] Epoch 9 训练完成，开始评估...
[Trial 6] Epoch 9/12 | Score: 97.14 | Metrics: {'Accuracy': 91.11, 'F1': 91.07, 'AUC': 97.14}
[Trial 6] 开始Epoch 10/12 训练...
[Trial 6] Epoch 10 训练完成，开始评估...
[Trial 6] Epoch 10/12 | Score: 97.15 | Metrics: {'Accuracy': 92.25, 'F1': 92.19, 'AUC': 97.15}
[Trial 6] 开始Epoch 11/12 训练...
[Trial 6] Epoch 11 训练完成，开始评估...
[Trial 6] Epoch 11/12 | Score: 97.44 | Metrics: {'Accuracy': 91.09, 'F1': 91.1, 'AUC': 97.44}
[Trial 6] 开始Epoch 12/12 训练...
[Trial 6] Epoch 12 训练完成，开始评估...
[Trial 6] Epoch 12/12 | Score: 97.62 | Metrics: {'Accuracy': 89.97, 'F1': 90.06, 'AUC': 97.62}
[Trial 6] 早停触发！在第 12 轮停止。最佳轮次是: 8
[Trial 6] 训练结束，清理资源...
[I 2026-03-23 10:02:40,495] Trial 6 finished with value: 98.09 and parameters: {'lr': 0.00014740099555715237, 'dropout': 0.26804142183590285, 'tab_hidden': 512, 'fusion_dim': 1024, 'batch_size': 4}. Best is trial 6 with value: 98.09.

===== [Trial 7] 开始训练 =====
[Trial 7] 初始化DataLoader (batch_size=4)...
[Trial 7] 初始化模型 (tab_dim=7, num_classes=6)...
[Trial 7] 开始Epoch 1/12 训练...
[Trial 7] Epoch 1 训练完成，开始评估...
[Trial 7] Epoch 1/12 | Score: 93.77 | Metrics: {'Accuracy': 83.74, 'F1': 83.9, 'AUC': 93.77}
[Trial 7] 开始Epoch 2/12 训练...
[Trial 7] Epoch 2 训练完成，开始评估...
[Trial 7] Epoch 2/12 | Score: 96.2 | Metrics: {'Accuracy': 88.89, 'F1': 88.75, 'AUC': 96.2}
[Trial 7] 开始Epoch 3/12 训练...
[Trial 7] Epoch 3 训练完成，开始评估...
[Trial 7] Epoch 3/12 | Score: 96.12 | Metrics: {'Accuracy': 88.48, 'F1': 88.43, 'AUC': 96.12}
[Trial 7] 开始Epoch 4/12 训练...
[Trial 7] Epoch 4 训练完成，开始评估...
[Trial 7] Epoch 4/12 | Score: 96.57 | Metrics: {'Accuracy': 86.85, 'F1': 86.66, 'AUC': 96.57}
[Trial 7] 开始Epoch 5/12 训练...
[Trial 7] Epoch 5 训练完成，开始评估...
[Trial 7] Epoch 5/12 | Score: 97.16 | Metrics: {'Accuracy': 91.0, 'F1': 90.9, 'AUC': 97.16}
[Trial 7] 开始Epoch 6/12 训练...
[Trial 7] Epoch 6 训练完成，开始评估...
[Trial 7] Epoch 6/12 | Score: 97.62 | Metrics: {'Accuracy': 92.01, 'F1': 91.85, 'AUC': 97.62}
[Trial 7] 开始Epoch 7/12 训练...
[Trial 7] Epoch 7 训练完成，开始评估...
[Trial 7] Epoch 7/12 | Score: 97.65 | Metrics: {'Accuracy': 92.28, 'F1': 92.11, 'AUC': 97.65}
[Trial 7] 开始Epoch 8/12 训练...
[Trial 7] Epoch 8 训练完成，开始评估...
[Trial 7] Epoch 8/12 | Score: 97.17 | Metrics: {'Accuracy': 91.46, 'F1': 91.36, 'AUC': 97.17}
[Trial 7] 开始Epoch 9/12 训练...
[Trial 7] Epoch 9 训练完成，开始评估...
[Trial 7] Epoch 9/12 | Score: 97.06 | Metrics: {'Accuracy': 91.99, 'F1': 91.94, 'AUC': 97.06}
[Trial 7] 开始Epoch 10/12 训练...
[Trial 7] Epoch 10 训练完成，开始评估...
[Trial 7] Epoch 10/12 | Score: 96.68 | Metrics: {'Accuracy': 90.39, 'F1': 90.3, 'AUC': 96.68}
[Trial 7] 开始Epoch 11/12 训练...
[Trial 7] Epoch 11 训练完成，开始评估...
[Trial 7] Epoch 11/12 | Score: 96.79 | Metrics: {'Accuracy': 91.9, 'F1': 91.77, 'AUC': 96.79}
[Trial 7] 早停触发！在第 11 轮停止。最佳轮次是: 7
[Trial 7] 训练结束，清理资源...
[I 2026-03-23 16:15:04,170] Trial 7 finished with value: 97.65 and parameters: {'lr': 0.00013613660119382497, 'dropout': 0.3891780996988564, 'tab_hidden': 512, 'fusion_dim': 1024, 'batch_size': 4}. Best is trial 6 with value: 98.09.

===== [Trial 8] 开始训练 =====
[Trial 8] 初始化DataLoader (batch_size=8)...
[Trial 8] 初始化模型 (tab_dim=7, num_classes=6)...
[Trial 8] 开始Epoch 1/12 训练...
[Trial 8] Epoch 1 训练完成，开始评估...
[Trial 8] Epoch 1/12 | Score: 93.98 | Metrics: {'Accuracy': 85.13, 'F1': 85.29, 'AUC': 93.98}
[Trial 8] 开始Epoch 2/12 训练...
[Trial 8] Epoch 2 训练完成，开始评估...
[Trial 8] Epoch 2/12 | Score: 95.67 | Metrics: {'Accuracy': 87.54, 'F1': 87.55, 'AUC': 95.67}
[Trial 8] 开始Epoch 3/12 训练...
[Trial 8] Epoch 3 训练完成，开始评估...
[Trial 8] Epoch 3/12 | Score: 95.8 | Metrics: {'Accuracy': 84.19, 'F1': 84.25, 'AUC': 95.8}
[Trial 8] 开始Epoch 4/12 训练...
[Trial 8] Epoch 4 训练完成，开始评估...
[Trial 8] Epoch 4/12 | Score: 97.36 | Metrics: {'Accuracy': 88.89, 'F1': 88.86, 'AUC': 97.36}
[Trial 8] 开始Epoch 5/12 训练...
[Trial 8] Epoch 5 训练完成，开始评估...
[Trial 8] Epoch 5/12 | Score: 97.43 | Metrics: {'Accuracy': 90.7, 'F1': 90.53, 'AUC': 97.43}
[Trial 8] 开始Epoch 6/12 训练...
[Trial 8] Epoch 6 训练完成，开始评估...
[Trial 8] Epoch 6/12 | Score: 97.89 | Metrics: {'Accuracy': 92.39, 'F1': 92.19, 'AUC': 97.89}
[Trial 8] 开始Epoch 7/12 训练...
[Trial 8] Epoch 7 训练完成，开始评估...
[Trial 8] Epoch 7/12 | Score: 98.01 | Metrics: {'Accuracy': 91.83, 'F1': 91.73, 'AUC': 98.01}
[Trial 8] 开始Epoch 8/12 训练...
[Trial 8] Epoch 8 训练完成，开始评估...
[Trial 8] Epoch 8/12 | Score: 97.52 | Metrics: {'Accuracy': 93.01, 'F1': 92.95, 'AUC': 97.52}
[Trial 8] 开始Epoch 9/12 训练...
[Trial 8] Epoch 9 训练完成，开始评估...
[Trial 8] Epoch 9/12 | Score: 97.63 | Metrics: {'Accuracy': 93.35, 'F1': 93.3, 'AUC': 97.63}
[Trial 8] 开始Epoch 10/12 训练...
[Trial 8] Epoch 10 训练完成，开始评估...
[Trial 8] Epoch 10/12 | Score: 97.65 | Metrics: {'Accuracy': 93.05, 'F1': 92.96, 'AUC': 97.65}
[Trial 8] 开始Epoch 11/12 训练...
[Trial 8] Epoch 11 训练完成，开始评估...
[Trial 8] Epoch 11/12 | Score: 97.97 | Metrics: {'Accuracy': 92.56, 'F1': 92.53, 'AUC': 97.97}
[Trial 8] 早停触发！在第 11 轮停止。最佳轮次是: 7
[Trial 8] 训练结束，清理资源...
[I 2026-03-23 19:27:25,440] Trial 8 finished with value: 98.01 and parameters: {'lr': 6.523703491330574e-05, 'dropout': 0.3331661857866015, 'tab_hidden': 1024, 'fusion_dim': 512, 'batch_size': 8}. Best is trial 6 with value: 98.09.

===== [Trial 9] 开始训练 =====
[Trial 9] 初始化DataLoader (batch_size=4)...
[Trial 9] 初始化模型 (tab_dim=7, num_classes=6)...
[Trial 9] 开始Epoch 1/12 训练...
[Trial 9] Epoch 1 训练完成，开始评估...
[Trial 9] Epoch 1/12 | Score: 99.87 | Metrics: {'Accuracy': 99.28, 'F1': 99.17, 'AUC': 99.87}
[Trial 9] 开始Epoch 2/12 训练...
[Trial 9] Epoch 2 训练完成，开始评估...
[Trial 9] Epoch 2/12 | Score: 98.81 | Metrics: {'Accuracy': 92.8, 'F1': 90.29, 'AUC': 98.81}
[Trial 9] 开始Epoch 3/12 训练...
[Trial 9] Epoch 3 训练完成，开始评估...
[Trial 9] Epoch 3/12 | Score: 90.29 | Metrics: {'Accuracy': 76.17, 'F1': 76.05, 'AUC': 90.29}
[Trial 9] 开始Epoch 4/12 训练...
[Trial 9] Epoch 4 训练完成，开始评估...
[Trial 9] Epoch 4/12 | Score: 96.97 | Metrics: {'Accuracy': 89.62, 'F1': 89.58, 'AUC': 96.97}
[Trial 9] 开始Epoch 5/12 训练...
[Trial 9] Epoch 5 训练完成，开始评估...
[Trial 9] Epoch 5/12 | Score: 94.08 | Metrics: {'Accuracy': 83.3, 'F1': 83.25, 'AUC': 94.08}
[Trial 9] 早停触发！在第 5 轮停止。最佳轮次是: 1
[Trial 9] 训练结束，清理资源...
[I 2026-03-23 22:17:20,240] Trial 9 finished with value: 99.87 and parameters: {'lr': 1.3697129714300491e-05, 'dropout': 0.3424106079903253, 'tab_hidden': 1024, 'fusion_dim': 1024, 'batch_size': 4}. Best is trial 9 with value: 99.87.
   >>> 最佳参数: {'lr': 1.3697129714300491e-05, 'dropout': 0.3424106079903253, 'tab_hidden': 1024, 'fusion_dim': 1024, 'batch_size': 4}
   >>> 最佳训练轮数 (Best Epoch): 1

3. 使用最佳参数进行最终训练...
Epoch 1/1 完成

4. 最终评估与保存结果...
========================================
最终测试集指标:
Accuracy: 99.11
F1: 98.92
AUC: 99.68
========================================
[*] 结果已保存至 /root/autodl-tmp/SGC-AutoML/output/FPI/final_results.csv
[*] 指标已保存至 /root/autodl-tmp/SGC-AutoML/output/FPI/results.txt
